2016-03-25 22:06:39	1134	69
2016-03-25 22:06:49	1134	69
2016-03-25 22:07:00	1134	69
2016-03-25 22:07:10	1134	69
2016-03-25 22:07:20	1134	69
2016-03-25 22:07:30	1134	69
2016-03-25 22:07:40	1134	69
2016-03-25 22:07:50	1134	69
2016-03-25 22:08:00	1134	69
2016-03-25 22:08:10	1134	69
2016-03-25 22:08:20	1134	69
2016-03-25 22:08:30	1134	69
2016-03-25 22:08:40	1134	69
2016-03-25 22:08:50	1134	69
2016-03-25 22:09:00	1134	69
2016-03-25 22:09:10	1134	69
2016-03-25 22:09:20	1134	69
2016-03-25 22:09:30	1134	69
2016-03-25 22:09:40	1152	69
2016-03-25 22:09:50	1182	69
2016-03-25 22:10:00	1182	69
2016-03-25 22:10:10	1182	69
2016-03-25 22:10:20	1182	69
2016-03-25 22:10:30	1182	69
2016-03-25 22:10:40	1182	69
2016-03-25 22:10:50	1182	69
2016-03-25 22:11:00	1182	69
2016-03-25 22:11:10	1182	69
2016-03-25 22:11:20	1182	69
2016-03-25 22:11:30	1177	69
2016-03-25 22:11:40	1168	69
2016-03-25 22:11:50	1168	69
2016-03-25 22:12:00	1168	69
2016-03-25 22:12:10	1168	69
2016-03-25 22:12:20	1168	69
2016-03-25 22:12:31	1168	69
2016-03-25 22:12:41	1168	69
2016-03-25 22:12:51	1168	69
2016-03-25 22:13:01	1168	69
2016-03-25 22:13:11	1168	69
2016-03-25 22:13:21	1168	69
2016-03-25 22:13:31	1168	69
2016-03-25 22:13:41	1168	69
2016-03-25 22:13:51	1168	69
2016-03-25 22:14:01	1168	69
2016-03-25 22:14:11	1168	69
2016-03-25 22:14:21	1168	69
2016-03-25 22:14:31	1168	69
2016-03-25 22:14:41	1168	69
2016-03-25 22:14:51	1168	69
2016-03-25 22:15:01	1168	69
2016-03-25 22:15:11	1168	69
2016-03-25 22:15:21	1168	69
2016-03-25 22:15:31	1168	69
2016-03-25 22:15:41	1168	69
2016-03-25 22:15:51	1168	69
2016-03-25 22:16:01	1187	69
2016-03-25 22:16:11	1187	69
2016-03-25 22:16:21	1193	69
2016-03-25 22:16:31	1193	69
2016-03-25 22:16:41	1193	69
2016-03-25 22:16:51	1193	69
2016-03-25 22:17:01	1193	69
2016-03-25 22:17:11	1193	69
2016-03-25 22:17:21	1193	69
2016-03-25 22:17:31	1193	69
2016-03-25 22:17:41	1193	69
2016-03-25 22:17:51	1193	69
2016-03-25 22:18:02	1193	69
2016-03-25 22:18:12	1193	69
2016-03-25 22:18:22	1193	69
2016-03-25 22:18:32	1198	69
2016-03-25 22:18:42	1203	69
2016-03-25 22:18:52	1203	69
2016-03-25 22:19:02	1203	69
2016-03-25 22:19:12	1203	69
2016-03-25 22:19:22	1203	69
2016-03-25 22:19:32	1203	69
2016-03-25 22:19:42	1198	69
2016-03-25 22:19:52	1198	69
2016-03-25 22:20:02	1198	69
2016-03-25 22:20:12	1198	69
2016-03-25 22:20:22	1192	69
2016-03-25 22:20:32	1192	69
2016-03-25 22:20:42	1192	69
2016-03-25 22:20:52	1192	69
2016-03-25 22:21:02	1192	69
2016-03-25 22:21:12	1192	69
2016-03-25 22:21:22	1192	69
2016-03-25 22:21:32	1192	69
2016-03-25 22:21:42	1192	69
2016-03-25 22:21:52	1187	69
2016-03-25 22:22:02	1187	69
2016-03-25 22:22:12	1178	69
2016-03-25 22:22:22	1178	69
2016-03-25 22:22:32	1168	69
2016-03-25 22:22:42	1168	69
2016-03-25 22:22:52	1168	69
2016-03-25 22:23:02	1168	69
2016-03-25 22:23:12	1168	69
2016-03-25 22:23:22	1168	69
2016-03-25 22:23:32	1168	69
2016-03-25 22:23:43	1158	69
2016-03-25 22:23:53	1154	69
2016-03-25 22:24:03	1154	69
2016-03-25 22:24:13	1154	69
2016-03-25 22:24:23	1154	69
2016-03-25 22:24:33	1154	69
2016-03-25 22:24:43	1154	69
2016-03-25 22:24:53	1154	69
2016-03-25 22:25:03	1149	69
2016-03-25 22:25:13	1140	69
2016-03-25 22:25:23	1140	69
2016-03-25 22:25:33	1140	69
2016-03-25 22:25:43	1140	69
2016-03-25 22:25:53	1135	69
2016-03-25 22:26:03	1135	69
2016-03-25 22:26:13	1135	69
2016-03-25 22:26:23	1135	69
2016-03-25 22:26:33	1135	69
2016-03-25 22:26:43	1126	69
2016-03-25 22:26:53	1126	69
2016-03-25 22:27:03	1126	69
2016-03-25 22:27:13	1121	69
2016-03-25 22:27:23	1116	69
2016-03-25 22:27:33	1112	69
2016-03-25 22:27:43	1112	69
2016-03-25 22:27:53	1107	69
2016-03-25 22:28:03	1107	69
2016-03-25 22:28:13	1107	69
2016-03-25 22:28:23	1107	69
2016-03-25 22:28:33	1107	69
2016-03-25 22:28:43	1107	69
2016-03-25 22:28:53	1107	69
2016-03-25 22:29:03	1107	69
2016-03-25 22:29:13	1107	69
2016-03-25 22:29:24	1107	69
2016-03-25 22:29:34	1107	69
2016-03-25 22:29:44	1117	69
2016-03-25 22:29:54	1121	69
2016-03-25 22:30:04	1121	69
2016-03-25 22:30:14	1121	69
2016-03-25 22:30:24	1121	69
2016-03-25 22:30:34	1112	69
2016-03-25 22:30:44	1102	69
2016-03-25 22:30:54	1102	69
2016-03-25 22:31:04	1034	69
2016-03-25 22:31:14	1010	69
2016-03-25 22:31:24	961	69
2016-03-25 22:31:34	952	69
2016-03-25 22:31:44	914	69
2016-03-25 22:31:54	866	69
2016-03-25 22:32:04	857	68
2016-03-25 22:32:14	841	68
2016-03-25 22:32:24	786	68
2016-03-25 22:32:34	765	68
2016-03-25 22:32:44	772	68
2016-03-25 22:32:54	785	67
2016-03-25 22:33:04	778	67
2016-03-25 22:33:14	740	67
2016-03-25 22:33:24	743	67
2016-03-25 22:33:34	680	67
2016-03-25 22:33:44	684	66
2016-03-25 22:33:54	694	66
2016-03-25 22:34:04	656	66
2016-03-25 22:34:14	668	66
2016-03-25 22:34:24	621	66
2016-03-25 22:34:34	613	65
2016-03-25 22:34:44	597	65
2016-03-25 22:34:55	597	65
2016-03-25 22:35:05	633	65
2016-03-25 22:35:15	585	65
2016-03-25 22:35:25	597	65
2016-03-25 22:35:35	577	64
2016-03-25 22:35:45	603	64
2016-03-25 22:35:55	585	64
2016-03-25 22:36:05	644	64
2016-03-25 22:36:15	545	64
2016-03-25 22:36:25	621	64
2016-03-25 22:36:35	627	64
2016-03-25 22:36:45	568	64
2016-03-25 22:36:55	569	64
2016-03-25 22:37:05	602	64
2016-03-25 22:37:15	579	64
2016-03-25 22:37:25	603	64
2016-03-25 22:37:35	571	63
2016-03-25 22:37:45	567	63
2016-03-25 22:37:55	572	63
2016-03-25 22:38:05	582	63
2016-03-25 22:38:15	594	63
2016-03-25 22:38:25	604	63
2016-03-25 22:38:35	627	63
2016-03-25 22:38:45	630	63
2016-03-25 22:38:55	630	63
2016-03-25 22:39:05	660	63
2016-03-25 22:39:15	645	63
2016-03-25 22:39:25	636	63
2016-03-25 22:39:35	632	63
2016-03-25 22:39:45	627	63
2016-03-25 22:39:55	613	63
2016-03-25 22:40:05	592	63
2016-03-25 22:40:15	581	63
2016-03-25 22:40:25	584	63
2016-03-25 22:40:36	594	63
2016-03-25 22:40:46	612	63
2016-03-25 22:40:56	619	63
2016-03-25 22:41:06	682	63
2016-03-25 22:41:16	741	63
2016-03-25 22:41:26	767	63
2016-03-25 22:41:36	767	63
2016-03-25 22:41:46	767	63
2016-03-25 22:41:56	767	63
2016-03-25 22:42:06	767	63
2016-03-25 22:42:16	767	63
2016-03-25 22:42:26	767	63
2016-03-25 22:42:36	767	63
2016-03-25 22:42:46	767	63
2016-03-25 22:42:56	767	63
2016-03-25 22:43:06	767	63
2016-03-25 22:43:16	765	63
2016-03-25 22:43:26	761	64
2016-03-25 22:43:36	761	64
2016-03-25 22:43:46	758	64
2016-03-25 22:43:56	758	64
2016-03-25 22:44:06	755	64
2016-03-25 22:44:16	755	64
2016-03-25 22:44:26	755	64
2016-03-25 22:44:36	755	64
2016-03-25 22:44:46	744	64
2016-03-25 22:44:56	744	64
2016-03-25 22:45:06	744	64
2016-03-25 22:45:16	744	64
2016-03-25 22:45:26	738	64
2016-03-25 22:45:36	738	64
2016-03-25 22:45:46	735	64
2016-03-25 22:45:56	729	64
2016-03-25 22:46:06	726	65
2016-03-25 22:46:16	723	65
2016-03-25 22:46:27	723	65
2016-03-25 22:46:37	720	65
2016-03-25 22:46:47	720	65
2016-03-25 22:46:57	720	65
2016-03-25 22:47:07	720	65
2016-03-25 22:47:17	720	65
2016-03-25 22:47:27	717	65
2016-03-25 22:47:37	717	65
2016-03-25 22:47:47	711	65
2016-03-25 22:47:57	711	65
2016-03-25 22:48:07	711	65
2016-03-25 22:48:17	708	65
2016-03-25 22:48:27	708	65
2016-03-25 22:48:37	705	65
2016-03-25 22:48:47	705	65
2016-03-25 22:48:57	705	65
2016-03-25 22:49:07	705	65
2016-03-25 22:49:17	705	65
2016-03-25 22:49:27	705	65
2016-03-25 22:49:37	702	65
2016-03-25 22:49:47	702	66
2016-03-25 22:49:57	702	66
2016-03-25 22:50:07	696	66
2016-03-25 22:50:17	696	66
2016-03-25 22:50:27	696	66
2016-03-25 22:50:37	696	66
2016-03-25 22:50:47	696	66
2016-03-25 22:50:57	696	66
2016-03-25 22:51:07	693	66
2016-03-25 22:51:17	690	66
2016-03-25 22:51:27	690	66
2016-03-25 22:51:37	690	66
2016-03-25 22:51:47	685	66
2016-03-25 22:51:57	685	66
2016-03-25 22:52:07	685	66
2016-03-25 22:52:17	685	66
2016-03-25 22:52:28	685	66
2016-03-25 22:52:38	685	66
2016-03-25 22:52:48	685	66
2016-03-25 22:52:58	685	66
2016-03-25 22:53:08	685	66
2016-03-25 22:53:18	685	66
2016-03-25 22:53:28	685	66
2016-03-25 22:53:38	685	66
2016-03-25 22:53:48	685	66
2016-03-25 22:53:58	685	66
2016-03-25 22:54:08	685	66
2016-03-25 22:54:18	685	66
2016-03-25 22:54:28	685	66
2016-03-25 22:54:38	682	66
2016-03-25 22:54:48	682	66
2016-03-25 22:54:58	682	66
2016-03-25 22:55:08	682	66
2016-03-25 22:55:18	679	66
2016-03-25 22:55:28	679	66
2016-03-25 22:55:38	679	66
2016-03-25 22:55:48	679	66
2016-03-25 22:55:58	676	66
2016-03-25 22:56:08	676	66
2016-03-25 22:56:18	673	66
2016-03-25 22:56:28	673	66
2016-03-25 22:56:38	673	66
2016-03-25 22:56:48	673	66
2016-03-25 22:56:58	673	66
2016-03-25 22:57:08	670	66
2016-03-25 22:57:18	670	66
2016-03-25 22:57:28	670	66
2016-03-25 22:57:38	670	66
2016-03-25 22:57:48	670	66
2016-03-25 22:57:58	670	66
2016-03-25 22:58:08	670	66
2016-03-25 22:58:19	670	66
2016-03-25 22:58:29	670	66
2016-03-25 22:58:39	670	66
2016-03-25 22:58:49	670	66
2016-03-25 22:58:59	670	66
2016-03-25 22:59:09	670	66
2016-03-25 22:59:19	670	66
2016-03-25 22:59:29	670	66
2016-03-25 22:59:39	670	66
2016-03-25 22:59:49	670	66
2016-03-25 22:59:59	670	66
2016-03-25 23:00:09	670	66
2016-03-25 23:00:19	670	66
2016-03-25 23:00:29	670	66
2016-03-25 23:00:39	670	66
2016-03-25 23:00:49	670	66
2016-03-25 23:00:59	670	66
2016-03-25 23:01:09	670	66
2016-03-25 23:01:19	670	66
2016-03-25 23:01:29	670	66
2016-03-25 23:01:39	670	66
2016-03-25 23:01:49	667	66
2016-03-25 23:01:59	667	66
2016-03-25 23:02:09	667	66
2016-03-25 23:02:19	667	66
2016-03-25 23:02:29	667	66
2016-03-25 23:02:39	667	66
2016-03-25 23:02:49	667	66
2016-03-25 23:02:59	667	66
2016-03-25 23:03:09	667	66
2016-03-25 23:03:19	667	66
2016-03-25 23:03:29	667	66
2016-03-25 23:03:39	667	66
2016-03-25 23:03:49	667	66
2016-03-25 23:04:00	676	66
